WARNING:werkzeug: * Debugger is active!
INFO:werkzeug: * Debugger PIN: 141-596-668
INFO:werkzeug: * Detected change in 'C:\\Users\\oo_wa\\OneDrive\\Desktop\\flask_app\\app.py', reloading
WARNING:werkzeug: * Debugger is active!
INFO:werkzeug: * Debugger PIN: 141-596-668
INFO:werkzeug: * Detected change in 'C:\\Users\\oo_wa\\OneDrive\\Desktop\\flask_app\\app.py', reloading
WARNING:werkzeug: * Debugger is active!
INFO:werkzeug: * Debugger PIN: 141-596-668
INFO:werkzeug: * Detected change in 'C:\\Users\\oo_wa\\OneDrive\\Desktop\\flask_app\\app.py', reloading
WARNING:werkzeug: * Debugger is active!
INFO:werkzeug: * Debugger PIN: 141-596-668
INFO:werkzeug: * Detected change in 'C:\\Users\\oo_wa\\OneDrive\\Desktop\\flask_app\\app_test.py', reloading
WARNING:werkzeug: * Debugger is active!
INFO:werkzeug: * Debugger PIN: 141-596-668
INFO:werkzeug: * Detected change in 'C:\\Users\\oo_wa\\OneDrive\\Desktop\\flask_app\\app.py', reloading
WARNING:werkzeug: * Debugger is active!
INFO:werkzeug: * Debugger PIN: 141-596-668
INFO:werkzeug: * Detected change in 'C:\\Users\\oo_wa\\OneDrive\\Desktop\\flask_app\\app.py', reloading
WARNING:werkzeug: * Debugger is active!
INFO:werkzeug: * Debugger PIN: 141-596-668
INFO:werkzeug: * Detected change in 'C:\\Users\\oo_wa\\OneDrive\\Desktop\\flask_app\\app.py', reloading
INFO:werkzeug:[31m[1mWARNING: This is a development server. Do not use it in a production deployment. Use a production WSGI server instead.[0m
 * Running on http://127.0.0.1:5000
INFO:werkzeug:[33mPress CTRL+C to quit[0m
INFO:werkzeug: * Restarting with stat
WARNING:werkzeug: * Debugger is active!
INFO:werkzeug: * Debugger PIN: 141-596-668
INFO:werkzeug:127.0.0.1 - - [01/Mar/2023 07:20:56] "GET / HTTP/1.1" 200 -
INFO:root:Requesting HTML...
INFO:root:Finding thumbnails...
INFO:root:Finding links...
INFO:root:Finding view counts...
INFO:root:Finding videos age...
INFO:root:Storing thumbnails...
INFO:root:Storing links...
INFO:root:Storing viewcounts...
INFO:root:Storing videos age...
INFO:werkzeug:127.0.0.1 - - [01/Mar/2023 07:21:34] "POST /details HTTP/1.1" 200 -
INFO:werkzeug: * Detected change in 'C:\\Users\\oo_wa\\OneDrive\\Desktop\\flask_app\\app.py', reloading
INFO:werkzeug: * Restarting with stat
WARNING:werkzeug: * Debugger is active!
INFO:werkzeug: * Debugger PIN: 141-596-668
INFO:root:Requesting HTML...
INFO:root:Finding thumbnails...
INFO:root:Finding links...
INFO:root:Finding view counts...
INFO:root:Finding videos age...
INFO:root:Storing thumbnails...
INFO:root:Storing links...
INFO:root:Storing viewcounts...
INFO:root:Storing videos age...
INFO:werkzeug:127.0.0.1 - - [01/Mar/2023 07:22:22] "POST /details HTTP/1.1" 200 -
INFO:root:Requesting HTML...
INFO:root:Finding thumbnails...
INFO:root:Finding links...
INFO:root:Finding view counts...
INFO:root:Finding videos age...
INFO:root:Storing thumbnails...
INFO:root:Storing links...
INFO:root:Storing viewcounts...
INFO:root:Storing videos age...
INFO:werkzeug:127.0.0.1 - - [01/Mar/2023 07:25:02] "POST /details HTTP/1.1" 200 -
INFO:werkzeug:127.0.0.1 - - [01/Mar/2023 07:25:18] "GET / HTTP/1.1" 200 -
INFO:werkzeug:127.0.0.1 - - [01/Mar/2023 07:26:01] "GET / HTTP/1.1" 200 -
INFO:werkzeug:127.0.0.1 - - [01/Mar/2023 07:28:02] "GET / HTTP/1.1" 200 -
INFO:werkzeug:127.0.0.1 - - [01/Mar/2023 07:28:42] "GET / HTTP/1.1" 200 -
INFO:root:Requesting HTML...
INFO:root:Finding thumbnails...
INFO:root:Finding links...
INFO:root:Finding view counts...
INFO:root:Finding videos age...
INFO:root:Storing thumbnails...
INFO:root:Storing links...
INFO:root:Storing viewcounts...
INFO:root:Storing videos age...
INFO:werkzeug:127.0.0.1 - - [01/Mar/2023 07:29:00] "POST /details HTTP/1.1" 200 -
INFO:root:Requesting HTML...
INFO:root:Finding thumbnails...
INFO:root:Finding links...
INFO:root:Finding view counts...
INFO:root:Finding videos age...
INFO:root:Storing thumbnails...
INFO:root:Storing links...
INFO:root:Storing viewcounts...
INFO:root:Storing videos age...
INFO:werkzeug:127.0.0.1 - - [01/Mar/2023 07:29:36] "POST /details HTTP/1.1" 200 -
INFO:werkzeug:127.0.0.1 - - [01/Mar/2023 07:30:29] "GET / HTTP/1.1" 200 -
INFO:root:Requesting HTML...
INFO:root:Finding thumbnails...
INFO:root:Finding links...
INFO:root:Finding view counts...
INFO:root:Finding videos age...
INFO:root:Storing thumbnails...
INFO:root:Storing links...
INFO:root:Storing viewcounts...
INFO:root:Storing videos age...
INFO:werkzeug:127.0.0.1 - - [01/Mar/2023 07:30:34] "POST /details HTTP/1.1" 200 -
INFO:werkzeug:127.0.0.1 - - [01/Mar/2023 07:33:32] "GET / HTTP/1.1" 200 -
INFO:root:Requesting HTML...
INFO:root:Finding thumbnails...
INFO:root:Finding links...
INFO:root:Finding view counts...
INFO:root:Finding videos age...
INFO:root:Storing thumbnails...
INFO:root:Storing links...
INFO:root:Storing viewcounts...
INFO:root:Storing videos age...
INFO:werkzeug:127.0.0.1 - - [01/Mar/2023 07:33:38] "POST /details HTTP/1.1" 200 -
INFO:werkzeug:127.0.0.1 - - [01/Mar/2023 07:33:38] "[33mGET /static/css/style.css HTTP/1.1[0m" 404 -
INFO:root:Requesting HTML...
INFO:root:Finding thumbnails...
INFO:root:Finding links...
INFO:root:Finding view counts...
INFO:root:Finding videos age...
INFO:root:Storing thumbnails...
INFO:root:Storing links...
INFO:root:Storing viewcounts...
INFO:root:Storing videos age...
INFO:werkzeug:127.0.0.1 - - [01/Mar/2023 07:34:11] "POST /details HTTP/1.1" 200 -
INFO:werkzeug:127.0.0.1 - - [01/Mar/2023 07:34:11] "[33mGET /static/css/style.css HTTP/1.1[0m" 404 -
INFO:root:Requesting HTML...
INFO:root:Finding thumbnails...
INFO:root:Finding links...
INFO:root:Finding view counts...
INFO:root:Finding videos age...
INFO:root:Storing thumbnails...
INFO:root:Storing links...
INFO:root:Storing viewcounts...
INFO:root:Storing videos age...
INFO:werkzeug:127.0.0.1 - - [01/Mar/2023 07:36:36] "POST /details HTTP/1.1" 200 -
INFO:werkzeug:127.0.0.1 - - [01/Mar/2023 07:36:36] "[33mGET /static/css/style.css HTTP/1.1[0m" 404 -
INFO:root:Requesting HTML...
INFO:root:Finding thumbnails...
INFO:root:Finding links...
INFO:root:Finding view counts...
INFO:root:Finding videos age...
INFO:root:Storing thumbnails...
INFO:root:Storing links...
INFO:root:Storing viewcounts...
INFO:root:Storing videos age...
INFO:werkzeug:127.0.0.1 - - [01/Mar/2023 07:39:14] "POST /details HTTP/1.1" 200 -
INFO:werkzeug:127.0.0.1 - - [01/Mar/2023 07:39:14] "[33mGET /static/css/style.css HTTP/1.1[0m" 404 -
INFO:werkzeug:[31m[1mWARNING: This is a development server. Do not use it in a production deployment. Use a production WSGI server instead.[0m
 * Running on http://127.0.0.1:5000
INFO:werkzeug:[33mPress CTRL+C to quit[0m
INFO:werkzeug: * Restarting with stat
WARNING:werkzeug: * Debugger is active!
INFO:werkzeug: * Debugger PIN: 141-596-668
INFO:werkzeug:127.0.0.1 - - [01/Mar/2023 07:41:01] "GET / HTTP/1.1" 200 -
INFO:root:Requesting HTML...
INFO:root:Finding thumbnails...
INFO:root:Finding links...
INFO:root:Finding view counts...
INFO:root:Finding videos age...
INFO:root:Storing thumbnails...
INFO:root:Storing links...
INFO:root:Storing viewcounts...
INFO:root:Storing videos age...
INFO:werkzeug:127.0.0.1 - - [01/Mar/2023 07:41:06] "POST /details HTTP/1.1" 200 -
INFO:werkzeug:127.0.0.1 - - [01/Mar/2023 07:41:06] "[33mGET /static/css/style.css HTTP/1.1[0m" 404 -
INFO:root:Requesting HTML...
INFO:root:Finding thumbnails...
INFO:root:Finding links...
INFO:root:Finding view counts...
INFO:root:Finding videos age...
INFO:root:Storing thumbnails...
INFO:root:Storing links...
INFO:root:Storing viewcounts...
INFO:root:Storing videos age...
INFO:werkzeug:127.0.0.1 - - [01/Mar/2023 07:41:46] "POST /details HTTP/1.1" 200 -
INFO:werkzeug:127.0.0.1 - - [01/Mar/2023 07:41:46] "[33mGET /static/css/style.css HTTP/1.1[0m" 404 -
INFO:root:Requesting HTML...
INFO:root:Finding thumbnails...
INFO:root:Finding links...
INFO:root:Finding view counts...
INFO:root:Finding videos age...
INFO:root:Storing thumbnails...
INFO:root:Storing links...
INFO:root:Storing viewcounts...
INFO:root:Storing videos age...
INFO:werkzeug:127.0.0.1 - - [01/Mar/2023 07:42:39] "POST /details HTTP/1.1" 200 -
INFO:root:Requesting HTML...
INFO:root:Finding thumbnails...
INFO:root:Finding links...
INFO:root:Finding view counts...
INFO:root:Finding videos age...
INFO:root:Storing thumbnails...
INFO:root:Storing links...
INFO:root:Storing viewcounts...
INFO:root:Storing videos age...
INFO:werkzeug:127.0.0.1 - - [01/Mar/2023 07:48:52] "POST /details HTTP/1.1" 200 -
INFO:werkzeug:127.0.0.1 - - [01/Mar/2023 07:48:52] "[33mGET /static/css/style.css HTTP/1.1[0m" 404 -
INFO:root:Requesting HTML...
INFO:root:Finding thumbnails...
INFO:root:Finding links...
INFO:root:Finding view counts...
INFO:root:Finding videos age...
INFO:root:Storing thumbnails...
INFO:root:Storing links...
INFO:root:Storing viewcounts...
INFO:root:Storing videos age...
INFO:werkzeug:127.0.0.1 - - [01/Mar/2023 07:49:35] "POST /details HTTP/1.1" 200 -
INFO:werkzeug:127.0.0.1 - - [01/Mar/2023 07:49:35] "[33mGET /static/css/style.css HTTP/1.1[0m" 404 -
INFO:werkzeug:127.0.0.1 - - [01/Mar/2023 07:50:24] "GET / HTTP/1.1" 200 -
INFO:werkzeug:127.0.0.1 - - [01/Mar/2023 07:51:08] "GET / HTTP/1.1" 200 -
INFO:werkzeug:127.0.0.1 - - [01/Mar/2023 07:51:08] "[33mGET /static/css/main.css HTTP/1.1[0m" 404 -
INFO:root:Requesting HTML...
INFO:root:Finding thumbnails...
INFO:root:Finding links...
INFO:root:Finding view counts...
INFO:root:Finding videos age...
INFO:root:Storing thumbnails...
INFO:root:Storing links...
INFO:root:Storing viewcounts...
INFO:root:Storing videos age...
INFO:werkzeug:127.0.0.1 - - [01/Mar/2023 07:51:44] "POST /details HTTP/1.1" 200 -
INFO:werkzeug:127.0.0.1 - - [01/Mar/2023 07:51:44] "[33mGET /static/css/style.css HTTP/1.1[0m" 404 -
INFO:werkzeug: * Detected change in 'C:\\Users\\oo_wa\\OneDrive\\Desktop\\flask_app\\app.py', reloading
INFO:werkzeug: * Restarting with stat
INFO:werkzeug:[31m[1mWARNING: This is a development server. Do not use it in a production deployment. Use a production WSGI server instead.[0m
 * Running on http://127.0.0.1:5000
INFO:werkzeug:[33mPress CTRL+C to quit[0m
INFO:werkzeug: * Restarting with stat
WARNING:werkzeug: * Debugger is active!
INFO:werkzeug: * Debugger PIN: 141-596-668
INFO:werkzeug:127.0.0.1 - - [01/Mar/2023 07:57:17] "GET / HTTP/1.1" 200 -
INFO:werkzeug:127.0.0.1 - - [01/Mar/2023 07:57:17] "[33mGET /static/css/main.css HTTP/1.1[0m" 404 -
INFO:root:Requesting HTML...
INFO:root:Finding thumbnails...
INFO:root:Finding links...
INFO:root:Finding view counts...
INFO:root:Finding videos age...
INFO:root:Storing thumbnails...
INFO:root:Storing links...
INFO:root:Storing viewcounts...
INFO:root:Storing videos age...
INFO:werkzeug:127.0.0.1 - - [01/Mar/2023 07:57:22] "POST /details HTTP/1.1" 200 -
INFO:werkzeug:127.0.0.1 - - [01/Mar/2023 07:57:23] "[33mGET /static/css/style.css HTTP/1.1[0m" 404 -
INFO:root:Requesting HTML...
INFO:root:Finding thumbnails...
INFO:root:Finding links...
INFO:root:Finding view counts...
INFO:root:Finding videos age...
INFO:root:Storing thumbnails...
INFO:root:Storing links...
INFO:root:Storing viewcounts...
INFO:root:Storing videos age...
INFO:werkzeug:127.0.0.1 - - [01/Mar/2023 07:57:27] "POST /details HTTP/1.1" 200 -
INFO:werkzeug:127.0.0.1 - - [01/Mar/2023 07:57:27] "[33mGET /static/css/style.css HTTP/1.1[0m" 404 -
INFO:werkzeug:127.0.0.1 - - [01/Mar/2023 07:57:28] "[33mGET /favicon.ico HTTP/1.1[0m" 404 -
INFO:werkzeug:127.0.0.1 - - [01/Mar/2023 07:57:33] "GET / HTTP/1.1" 200 -
INFO:werkzeug:127.0.0.1 - - [01/Mar/2023 07:57:33] "[33mGET /static/css/main.css HTTP/1.1[0m" 404 -
INFO:werkzeug:127.0.0.1 - - [01/Mar/2023 07:57:33] "[33mGET /favicon.ico HTTP/1.1[0m" 404 -
INFO:werkzeug:[31m[1mWARNING: This is a development server. Do not use it in a production deployment. Use a production WSGI server instead.[0m
 * Running on http://127.0.0.1:5000
INFO:werkzeug:[33mPress CTRL+C to quit[0m
INFO:werkzeug: * Restarting with stat
WARNING:werkzeug: * Debugger is active!
INFO:werkzeug: * Debugger PIN: 141-596-668
INFO:werkzeug:127.0.0.1 - - [01/Mar/2023 08:27:00] "GET / HTTP/1.1" 200 -
INFO:werkzeug:127.0.0.1 - - [01/Mar/2023 08:27:01] "GET /static/css/main.css HTTP/1.1" 200 -
INFO:root:Requesting HTML...
INFO:root:Finding thumbnails...
INFO:root:Finding links...
INFO:root:Finding view counts...
INFO:root:Finding videos age...
INFO:root:Storing thumbnails...
INFO:root:Storing links...
INFO:root:Storing viewcounts...
INFO:root:Storing videos age...
INFO:werkzeug:127.0.0.1 - - [01/Mar/2023 08:27:10] "POST /details HTTP/1.1" 200 -
INFO:werkzeug:127.0.0.1 - - [01/Mar/2023 08:27:10] "GET /static/css/style.css HTTP/1.1" 200 -
INFO:werkzeug: * Detected change in 'C:\\Users\\oo_wa\\OneDrive\\Desktop\\flask_app\\app.py', reloading
INFO:werkzeug: * Restarting with stat
WARNING:werkzeug: * Debugger is active!
INFO:werkzeug: * Debugger PIN: 141-596-668
INFO:root:Requesting HTML...
INFO:root:Finding thumbnails...
INFO:root:Finding links...
INFO:root:Finding view counts...
INFO:root:Finding videos age...
INFO:root:Storing thumbnails...
INFO:root:Storing links...
INFO:root:Storing viewcounts...
INFO:root:Storing videos age...
INFO:werkzeug:127.0.0.1 - - [01/Mar/2023 08:28:16] "POST /details HTTP/1.1" 200 -
INFO:werkzeug:127.0.0.1 - - [01/Mar/2023 08:28:16] "[36mGET /static/css/style.css HTTP/1.1[0m" 304 -
INFO:werkzeug: * Detected change in 'C:\\Users\\oo_wa\\OneDrive\\Desktop\\flask_app\\app.py', reloading
INFO:werkzeug: * Restarting with stat
WARNING:werkzeug: * Debugger is active!
INFO:werkzeug: * Debugger PIN: 141-596-668
INFO:werkzeug: * Detected change in 'C:\\Users\\oo_wa\\OneDrive\\Desktop\\flask_app\\app.py', reloading
INFO:werkzeug: * Restarting with stat
WARNING:werkzeug: * Debugger is active!
INFO:werkzeug: * Debugger PIN: 141-596-668
INFO:root:Requesting HTML...
INFO:root:Finding titles...
INFO:werkzeug:127.0.0.1 - - [01/Mar/2023 08:33:58] "[35m[1mPOST /details HTTP/1.1[0m" 500 -
INFO:werkzeug:127.0.0.1 - - [01/Mar/2023 08:33:58] "GET /details?__debugger__=yes&cmd=resource&f=style.css HTTP/1.1" 200 -
INFO:werkzeug:127.0.0.1 - - [01/Mar/2023 08:33:58] "GET /details?__debugger__=yes&cmd=resource&f=debugger.js HTTP/1.1" 200 -
INFO:werkzeug:127.0.0.1 - - [01/Mar/2023 08:33:58] "GET /details?__debugger__=yes&cmd=resource&f=console.png HTTP/1.1" 200 -
INFO:werkzeug:127.0.0.1 - - [01/Mar/2023 08:33:58] "[36mGET /details?__debugger__=yes&cmd=resource&f=console.png HTTP/1.1[0m" 304 -
INFO:werkzeug: * Detected change in 'C:\\Users\\oo_wa\\OneDrive\\Desktop\\flask_app\\app.py', reloading
INFO:werkzeug: * Restarting with stat
WARNING:werkzeug: * Debugger is active!
INFO:werkzeug: * Debugger PIN: 141-596-668
INFO:root:Requesting HTML...
INFO:root:Finding thumbnails...
INFO:root:Finding links...
INFO:root:Finding view counts...
INFO:root:Finding videos age...
INFO:root:Storing thumbnails...
INFO:root:Storing links...
INFO:root:Storing viewcounts...
INFO:root:Storing videos age...
INFO:werkzeug:127.0.0.1 - - [01/Mar/2023 08:35:05] "POST /details HTTP/1.1" 200 -
INFO:werkzeug:127.0.0.1 - - [01/Mar/2023 08:35:05] "[36mGET /static/css/style.css HTTP/1.1[0m" 304 -
INFO:werkzeug: * Detected change in 'C:\\Users\\oo_wa\\OneDrive\\Desktop\\flask_app\\app.py', reloading
INFO:werkzeug: * Restarting with stat
WARNING:werkzeug: * Debugger is active!
INFO:werkzeug: * Debugger PIN: 141-596-668
INFO:root:Requesting HTML...
INFO:root:Finding titles...
INFO:root:Finding thumbnails...
INFO:root:Finding links...
INFO:root:Finding view counts...
INFO:root:Finding videos age...
INFO:root:Storing titles...
INFO:root:Storing thumbnails...
INFO:root:Storing links...
INFO:root:Storing viewcounts...
INFO:root:Storing videos age...
INFO:werkzeug:127.0.0.1 - - [01/Mar/2023 08:35:53] "POST /details HTTP/1.1" 200 -
INFO:werkzeug:127.0.0.1 - - [01/Mar/2023 08:35:53] "[36mGET /static/css/style.css HTTP/1.1[0m" 304 -
INFO:werkzeug: * Detected change in 'C:\\Users\\oo_wa\\OneDrive\\Desktop\\flask_app\\app.py', reloading
INFO:werkzeug: * Restarting with stat
WARNING:werkzeug: * Debugger is active!
INFO:werkzeug: * Debugger PIN: 141-596-668
INFO:root:Requesting HTML...
INFO:root:Finding titles...
INFO:root:Finding thumbnails...
INFO:root:Finding links...
INFO:root:Finding view counts...
INFO:root:Finding videos age...
INFO:root:Storing titles...
INFO:root:Storing thumbnails...
INFO:root:Storing links...
INFO:root:Storing viewcounts...
INFO:root:Storing videos age...
INFO:werkzeug:127.0.0.1 - - [01/Mar/2023 08:37:12] "[35m[1mPOST /details HTTP/1.1[0m" 500 -
INFO:werkzeug:127.0.0.1 - - [01/Mar/2023 08:37:12] "[36mGET /details?__debugger__=yes&cmd=resource&f=style.css HTTP/1.1[0m" 304 -
INFO:werkzeug:127.0.0.1 - - [01/Mar/2023 08:37:12] "[36mGET /details?__debugger__=yes&cmd=resource&f=debugger.js HTTP/1.1[0m" 304 -
INFO:werkzeug:127.0.0.1 - - [01/Mar/2023 08:37:12] "[36mGET /details?__debugger__=yes&cmd=resource&f=console.png HTTP/1.1[0m" 304 -
INFO:werkzeug:127.0.0.1 - - [01/Mar/2023 08:37:12] "[36mGET /details?__debugger__=yes&cmd=resource&f=console.png HTTP/1.1[0m" 304 -
INFO:werkzeug: * Detected change in 'C:\\Users\\oo_wa\\OneDrive\\Desktop\\flask_app\\app.py', reloading
INFO:werkzeug: * Restarting with stat
WARNING:werkzeug: * Debugger is active!
INFO:werkzeug: * Debugger PIN: 141-596-668
INFO:root:Requesting HTML...
INFO:root:Finding titles...
INFO:root:Finding thumbnails...
INFO:root:Finding links...
INFO:root:Finding view counts...
INFO:root:Finding videos age...
INFO:root:Storing titles...
INFO:root:Storing thumbnails...
INFO:root:Storing links...
INFO:root:Storing viewcounts...
INFO:root:Storing videos age...
INFO:werkzeug:127.0.0.1 - - [01/Mar/2023 08:37:32] "[35m[1mPOST /details HTTP/1.1[0m" 500 -
INFO:werkzeug:127.0.0.1 - - [01/Mar/2023 08:37:32] "[36mGET /details?__debugger__=yes&cmd=resource&f=debugger.js HTTP/1.1[0m" 304 -
INFO:werkzeug:127.0.0.1 - - [01/Mar/2023 08:37:32] "[36mGET /details?__debugger__=yes&cmd=resource&f=style.css HTTP/1.1[0m" 304 -
INFO:werkzeug:127.0.0.1 - - [01/Mar/2023 08:37:32] "[36mGET /details?__debugger__=yes&cmd=resource&f=console.png HTTP/1.1[0m" 304 -
INFO:werkzeug:127.0.0.1 - - [01/Mar/2023 08:37:32] "[36mGET /details?__debugger__=yes&cmd=resource&f=console.png HTTP/1.1[0m" 304 -
INFO:werkzeug: * Detected change in 'C:\\Users\\oo_wa\\OneDrive\\Desktop\\flask_app\\app.py', reloading
INFO:werkzeug: * Restarting with stat
WARNING:werkzeug: * Debugger is active!
INFO:werkzeug: * Debugger PIN: 141-596-668
INFO:werkzeug: * Detected change in 'C:\\Users\\oo_wa\\OneDrive\\Desktop\\flask_app\\app.py', reloading
INFO:werkzeug: * Restarting with stat
WARNING:werkzeug: * Debugger is active!
INFO:werkzeug: * Debugger PIN: 141-596-668
INFO:werkzeug: * Detected change in 'C:\\Users\\oo_wa\\OneDrive\\Desktop\\flask_app\\app.py', reloading
INFO:werkzeug: * Restarting with stat
WARNING:werkzeug: * Debugger is active!
INFO:werkzeug: * Debugger PIN: 141-596-668
INFO:werkzeug: * Detected change in 'C:\\Users\\oo_wa\\OneDrive\\Desktop\\flask_app\\app.py', reloading
INFO:werkzeug: * Restarting with stat
WARNING:werkzeug: * Debugger is active!
INFO:werkzeug: * Debugger PIN: 141-596-668
INFO:root:Requesting HTML...
INFO:root:Finding titles...
INFO:root:Finding thumbnails...
INFO:root:Finding links...
INFO:root:Finding view counts...
INFO:root:Finding videos age...
INFO:root:Storing titles...
INFO:root:Storing thumbnails...
INFO:root:Storing links...
INFO:root:Storing viewcounts...
INFO:root:Storing videos age...
INFO:werkzeug:127.0.0.1 - - [01/Mar/2023 08:39:11] "POST /details HTTP/1.1" 200 -
INFO:werkzeug:127.0.0.1 - - [01/Mar/2023 08:39:11] "[36mGET /static/css/style.css HTTP/1.1[0m" 304 -
INFO:werkzeug: * Detected change in 'C:\\Users\\oo_wa\\OneDrive\\Desktop\\flask_app\\app.py', reloading
INFO:werkzeug: * Restarting with stat
WARNING:werkzeug: * Debugger is active!
INFO:werkzeug: * Debugger PIN: 141-596-668
INFO:root:Requesting HTML...
INFO:root:Finding titles...
INFO:root:Finding thumbnails...
INFO:root:Finding links...
INFO:root:Finding view counts...
INFO:root:Finding videos age...
INFO:root:Storing titles...
INFO:root:Storing thumbnails...
INFO:root:Storing links...
INFO:root:Storing viewcounts...
INFO:root:Storing videos age...
INFO:werkzeug:127.0.0.1 - - [01/Mar/2023 08:40:15] "[35m[1mPOST /details HTTP/1.1[0m" 500 -
INFO:werkzeug:127.0.0.1 - - [01/Mar/2023 08:40:16] "[36mGET /details?__debugger__=yes&cmd=resource&f=debugger.js HTTP/1.1[0m" 304 -
INFO:werkzeug:127.0.0.1 - - [01/Mar/2023 08:40:16] "[36mGET /details?__debugger__=yes&cmd=resource&f=style.css HTTP/1.1[0m" 304 -
INFO:werkzeug:127.0.0.1 - - [01/Mar/2023 08:40:16] "[36mGET /details?__debugger__=yes&cmd=resource&f=console.png HTTP/1.1[0m" 304 -
INFO:werkzeug:127.0.0.1 - - [01/Mar/2023 08:40:16] "[36mGET /details?__debugger__=yes&cmd=resource&f=console.png HTTP/1.1[0m" 304 -
INFO:werkzeug: * Detected change in 'C:\\Users\\oo_wa\\OneDrive\\Desktop\\flask_app\\app.py', reloading
INFO:werkzeug: * Restarting with stat
WARNING:werkzeug: * Debugger is active!
INFO:werkzeug: * Debugger PIN: 141-596-668
INFO:root:Requesting HTML...
INFO:root:Finding titles...
INFO:root:Finding thumbnails...
INFO:root:Finding links...
INFO:root:Finding view counts...
INFO:root:Finding videos age...
INFO:root:Storing titles...
INFO:root:Storing thumbnails...
INFO:root:Storing links...
INFO:root:Storing viewcounts...
INFO:root:Storing videos age...
INFO:werkzeug:127.0.0.1 - - [01/Mar/2023 08:40:25] "POST /details HTTP/1.1" 200 -
INFO:werkzeug:127.0.0.1 - - [01/Mar/2023 08:40:25] "[36mGET /static/css/style.css HTTP/1.1[0m" 304 -
INFO:werkzeug: * Detected change in 'C:\\Users\\oo_wa\\OneDrive\\Desktop\\flask_app\\app.py', reloading
INFO:werkzeug: * Restarting with stat
WARNING:werkzeug: * Debugger is active!
INFO:werkzeug: * Debugger PIN: 141-596-668
INFO:werkzeug: * Detected change in 'C:\\Users\\oo_wa\\OneDrive\\Desktop\\flask_app\\app.py', reloading
INFO:werkzeug: * Restarting with stat
WARNING:werkzeug: * Debugger is active!
INFO:werkzeug: * Debugger PIN: 141-596-668
INFO:root:Requesting HTML...
INFO:root:Finding titles...
INFO:root:Finding thumbnails...
INFO:root:Finding links...
INFO:root:Finding view counts...
INFO:root:Finding videos age...
INFO:root:Storing titles...
INFO:root:Storing thumbnails...
INFO:root:Storing links...
INFO:root:Storing viewcounts...
INFO:root:Storing videos age...
INFO:werkzeug:127.0.0.1 - - [01/Mar/2023 08:42:48] "POST /details HTTP/1.1" 200 -
INFO:werkzeug:127.0.0.1 - - [01/Mar/2023 08:42:48] "[36mGET /static/css/style.css HTTP/1.1[0m" 304 -
INFO:werkzeug: * Detected change in 'C:\\Users\\oo_wa\\OneDrive\\Desktop\\flask_app\\app.py', reloading
INFO:werkzeug: * Restarting with stat
WARNING:werkzeug: * Debugger is active!
INFO:werkzeug: * Debugger PIN: 141-596-668
INFO:root:Requesting HTML...
INFO:root:Finding titles...
INFO:root:Finding thumbnails...
INFO:root:Finding links...
INFO:root:Finding view counts...
INFO:root:Finding videos age...
INFO:root:Storing titles...
INFO:root:Storing thumbnails...
INFO:root:Storing links...
INFO:root:Storing viewcounts...
INFO:root:Storing videos age...
INFO:werkzeug:127.0.0.1 - - [01/Mar/2023 08:43:42] "POST /details HTTP/1.1" 200 -
INFO:werkzeug:127.0.0.1 - - [01/Mar/2023 08:43:43] "[36mGET /static/css/style.css HTTP/1.1[0m" 304 -
INFO:werkzeug: * Detected change in 'C:\\Users\\oo_wa\\OneDrive\\Desktop\\flask_app\\app.py', reloading
INFO:werkzeug: * Restarting with stat
WARNING:werkzeug: * Debugger is active!
INFO:werkzeug: * Debugger PIN: 141-596-668
INFO:werkzeug: * Detected change in 'C:\\Users\\oo_wa\\OneDrive\\Desktop\\flask_app\\app.py', reloading
INFO:werkzeug: * Restarting with stat
WARNING:werkzeug: * Debugger is active!
INFO:werkzeug: * Debugger PIN: 141-596-668
INFO:werkzeug: * Detected change in 'C:\\Users\\oo_wa\\OneDrive\\Desktop\\flask_app\\app.py', reloading
INFO:werkzeug: * Restarting with stat
WARNING:werkzeug: * Debugger is active!
INFO:werkzeug: * Debugger PIN: 141-596-668
INFO:root:Requesting HTML...
INFO:root:Finding titles...
INFO:root:Finding thumbnails...
INFO:werkzeug:127.0.0.1 - - [01/Mar/2023 08:45:46] "[35m[1mPOST /details HTTP/1.1[0m" 500 -
INFO:werkzeug:127.0.0.1 - - [01/Mar/2023 08:45:47] "[36mGET /details?__debugger__=yes&cmd=resource&f=debugger.js HTTP/1.1[0m" 304 -
INFO:werkzeug:127.0.0.1 - - [01/Mar/2023 08:45:47] "[36mGET /details?__debugger__=yes&cmd=resource&f=style.css HTTP/1.1[0m" 304 -
INFO:werkzeug:127.0.0.1 - - [01/Mar/2023 08:45:47] "[36mGET /details?__debugger__=yes&cmd=resource&f=console.png HTTP/1.1[0m" 304 -
INFO:werkzeug:127.0.0.1 - - [01/Mar/2023 08:45:47] "[36mGET /details?__debugger__=yes&cmd=resource&f=console.png HTTP/1.1[0m" 304 -
INFO:root:Requesting HTML...
INFO:root:Finding titles...
INFO:root:Finding thumbnails...
INFO:werkzeug:127.0.0.1 - - [01/Mar/2023 08:46:53] "[35m[1mPOST /details HTTP/1.1[0m" 500 -
INFO:werkzeug:127.0.0.1 - - [01/Mar/2023 08:46:53] "[36mGET /details?__debugger__=yes&cmd=resource&f=style.css HTTP/1.1[0m" 304 -
INFO:werkzeug:127.0.0.1 - - [01/Mar/2023 08:46:53] "[36mGET /details?__debugger__=yes&cmd=resource&f=debugger.js HTTP/1.1[0m" 304 -
INFO:werkzeug:127.0.0.1 - - [01/Mar/2023 08:46:53] "[36mGET /details?__debugger__=yes&cmd=resource&f=console.png HTTP/1.1[0m" 304 -
INFO:werkzeug: * Detected change in 'C:\\Users\\oo_wa\\OneDrive\\Desktop\\flask_app\\app.py', reloading
INFO:werkzeug: * Restarting with stat
WARNING:werkzeug: * Debugger is active!
INFO:werkzeug: * Debugger PIN: 141-596-668
INFO:root:Requesting HTML...
INFO:root:Finding titles...
INFO:root:Finding thumbnails...
INFO:root:Finding links...
INFO:root:Finding view counts...
INFO:root:Finding videos age...
INFO:root:Storing titles...
INFO:root:Storing thumbnails...
INFO:root:Storing links...
INFO:root:Storing viewcounts...
INFO:root:Storing videos age...
INFO:werkzeug:127.0.0.1 - - [01/Mar/2023 08:47:13] "POST /details HTTP/1.1" 200 -
INFO:werkzeug:127.0.0.1 - - [01/Mar/2023 08:47:13] "[36mGET /static/css/style.css HTTP/1.1[0m" 304 -
INFO:werkzeug: * Detected change in 'C:\\Users\\oo_wa\\OneDrive\\Desktop\\flask_app\\app.py', reloading
INFO:werkzeug: * Restarting with stat
WARNING:werkzeug: * Debugger is active!
INFO:werkzeug: * Debugger PIN: 141-596-668
INFO:werkzeug:[31m[1mWARNING: This is a development server. Do not use it in a production deployment. Use a production WSGI server instead.[0m
 * Running on http://127.0.0.1:5000
INFO:werkzeug:[33mPress CTRL+C to quit[0m
INFO:werkzeug: * Restarting with stat
WARNING:werkzeug: * Debugger is active!
INFO:werkzeug: * Debugger PIN: 141-596-668
INFO:werkzeug:127.0.0.1 - - [01/Mar/2023 09:03:27] "GET / HTTP/1.1" 200 -
INFO:werkzeug:127.0.0.1 - - [01/Mar/2023 09:03:27] "[36mGET /static/css/main.css HTTP/1.1[0m" 304 -
INFO:root:Requesting HTML...
INFO:root:Finding titles...
INFO:root:Finding thumbnails...
INFO:root:Finding links...
INFO:root:Finding view counts...
INFO:root:Finding videos age...
INFO:root:Storing titles...
INFO:root:Storing thumbnails...
INFO:root:Storing links...
INFO:root:Storing viewcounts...
INFO:root:Storing videos age...
INFO:werkzeug:127.0.0.1 - - [01/Mar/2023 09:03:34] "POST /details HTTP/1.1" 200 -
INFO:werkzeug:127.0.0.1 - - [01/Mar/2023 09:03:34] "[36mGET /static/css/style.css HTTP/1.1[0m" 304 -
INFO:werkzeug: * Detected change in 'C:\\Users\\oo_wa\\OneDrive\\Desktop\\flask_app\\app.py', reloading
INFO:werkzeug: * Restarting with stat
WARNING:werkzeug: * Debugger is active!
INFO:werkzeug: * Debugger PIN: 141-596-668
INFO:root:Requesting HTML...
INFO:root:Finding titles...
INFO:root:Finding thumbnails...
INFO:root:Finding links...
INFO:root:Finding view counts...
INFO:root:Finding videos age...
INFO:root:Storing titles...
INFO:root:Storing thumbnails...
INFO:root:Storing links...
INFO:root:Storing viewcounts...
INFO:root:Storing videos age...
INFO:werkzeug:127.0.0.1 - - [01/Mar/2023 09:04:07] "POST /details HTTP/1.1" 200 -
INFO:werkzeug:127.0.0.1 - - [01/Mar/2023 09:04:07] "[36mGET /static/css/style.css HTTP/1.1[0m" 304 -
INFO:werkzeug: * Detected change in 'C:\\Users\\oo_wa\\OneDrive\\Desktop\\flask_app\\app.py', reloading
INFO:werkzeug: * Restarting with stat
WARNING:werkzeug: * Debugger is active!
INFO:werkzeug: * Debugger PIN: 141-596-668
INFO:root:Requesting HTML...
INFO:root:Finding titles...
INFO:root:Finding thumbnails...
INFO:root:Finding links...
INFO:root:Finding view counts...
INFO:root:Finding videos age...
INFO:root:Storing titles...
INFO:root:Storing thumbnails...
INFO:root:Storing links...
INFO:root:Storing viewcounts...
INFO:root:Storing videos age...
INFO:werkzeug:127.0.0.1 - - [01/Mar/2023 09:06:13] "POST /details HTTP/1.1" 200 -
INFO:werkzeug:127.0.0.1 - - [01/Mar/2023 09:06:13] "[36mGET /static/css/style.css HTTP/1.1[0m" 304 -
INFO:werkzeug: * Detected change in 'C:\\Users\\oo_wa\\OneDrive\\Desktop\\flask_app\\app.py', reloading
INFO:werkzeug: * Restarting with stat
WARNING:werkzeug: * Debugger is active!
INFO:werkzeug: * Debugger PIN: 141-596-668
INFO:werkzeug: * Detected change in 'C:\\Users\\oo_wa\\OneDrive\\Desktop\\flask_app\\app.py', reloading
INFO:werkzeug: * Restarting with stat
WARNING:werkzeug: * Debugger is active!
INFO:werkzeug: * Debugger PIN: 141-596-668
INFO:werkzeug: * Detected change in 'C:\\Users\\oo_wa\\OneDrive\\Desktop\\flask_app\\app.py', reloading
INFO:werkzeug: * Restarting with stat
WARNING:werkzeug: * Debugger is active!
INFO:werkzeug: * Debugger PIN: 141-596-668
INFO:werkzeug: * Detected change in 'C:\\Users\\oo_wa\\OneDrive\\Desktop\\flask_app\\app.py', reloading
INFO:werkzeug: * Restarting with stat
WARNING:werkzeug: * Debugger is active!
INFO:werkzeug: * Debugger PIN: 141-596-668
INFO:root:Requesting HTML...
INFO:root:Finding titles...
INFO:root:Finding thumbnails...
INFO:root:Finding links...
INFO:root:Finding view counts...
INFO:root:Finding videos age...
INFO:root:Storing titles...
INFO:root:Storing thumbnails...
INFO:root:Storing links...
INFO:root:Storing viewcounts...
INFO:root:Storing videos age...
INFO:werkzeug:127.0.0.1 - - [01/Mar/2023 09:08:18] "POST /details HTTP/1.1" 200 -
INFO:werkzeug:127.0.0.1 - - [01/Mar/2023 09:08:19] "[36mGET /static/css/style.css HTTP/1.1[0m" 304 -
INFO:root:Requesting HTML...
INFO:root:Finding titles...
INFO:root:Finding thumbnails...
INFO:root:Finding links...
INFO:root:Finding view counts...
INFO:root:Finding videos age...
INFO:root:Storing titles...
INFO:root:Storing thumbnails...
INFO:root:Storing links...
INFO:root:Storing viewcounts...
INFO:root:Storing videos age...
INFO:werkzeug:127.0.0.1 - - [01/Mar/2023 09:08:31] "POST /details HTTP/1.1" 200 -
INFO:werkzeug:127.0.0.1 - - [01/Mar/2023 09:08:31] "GET /static/css/style.css HTTP/1.1" 200 -
INFO:werkzeug:127.0.0.1 - - [01/Mar/2023 09:08:31] "[33mGET /favicon.ico HTTP/1.1[0m" 404 -
INFO:werkzeug:127.0.0.1 - - [01/Mar/2023 09:08:34] "GET / HTTP/1.1" 200 -
INFO:werkzeug:127.0.0.1 - - [01/Mar/2023 09:08:34] "[36mGET /static/css/main.css HTTP/1.1[0m" 304 -
INFO:root:Requesting HTML...
INFO:root:Finding titles...
INFO:root:Finding thumbnails...
INFO:root:Finding links...
INFO:root:Finding view counts...
INFO:root:Finding videos age...
INFO:root:Storing titles...
INFO:root:Storing thumbnails...
INFO:root:Storing links...
INFO:root:Storing viewcounts...
INFO:root:Storing videos age...
INFO:werkzeug:127.0.0.1 - - [01/Mar/2023 09:08:38] "POST /details HTTP/1.1" 200 -
INFO:werkzeug:127.0.0.1 - - [01/Mar/2023 09:08:38] "[36mGET /static/css/style.css HTTP/1.1[0m" 304 -
INFO:werkzeug: * Detected change in 'C:\\Users\\oo_wa\\OneDrive\\Desktop\\flask_app\\app.py', reloading
INFO:werkzeug: * Restarting with stat
WARNING:werkzeug: * Debugger is active!
INFO:werkzeug: * Debugger PIN: 141-596-668
INFO:root:Requesting HTML...
INFO:root:Finding titles...
INFO:root:Finding thumbnails...
INFO:root:Finding links...
INFO:root:Finding view counts...
INFO:root:Finding videos age...
INFO:root:Storing titles...
INFO:root:Storing thumbnails...
INFO:root:Storing links...
INFO:root:Storing viewcounts...
INFO:root:Storing videos age...
INFO:werkzeug:127.0.0.1 - - [01/Mar/2023 09:11:03] "POST /details HTTP/1.1" 200 -
INFO:werkzeug:127.0.0.1 - - [01/Mar/2023 09:11:03] "[36mGET /static/css/style.css HTTP/1.1[0m" 304 -
INFO:werkzeug: * Detected change in 'C:\\Users\\oo_wa\\OneDrive\\Desktop\\flask_app\\app.py', reloading
INFO:werkzeug: * Restarting with stat
WARNING:werkzeug: * Debugger is active!
INFO:werkzeug: * Debugger PIN: 141-596-668
INFO:root:Requesting HTML...
INFO:root:Finding titles...
INFO:root:Finding thumbnails...
INFO:root:Finding links...
INFO:root:Finding view counts...
INFO:root:Finding videos age...
INFO:root:Storing titles...
INFO:root:Storing thumbnails...
INFO:root:Storing links...
INFO:root:Storing viewcounts...
INFO:root:Storing videos age...
INFO:werkzeug:127.0.0.1 - - [01/Mar/2023 09:12:46] "POST /details HTTP/1.1" 200 -
INFO:werkzeug:127.0.0.1 - - [01/Mar/2023 09:12:46] "[36mGET /static/css/style.css HTTP/1.1[0m" 304 -
INFO:werkzeug: * Detected change in 'C:\\Users\\oo_wa\\OneDrive\\Desktop\\flask_app\\app.py', reloading
INFO:werkzeug: * Restarting with stat
WARNING:werkzeug: * Debugger is active!
INFO:werkzeug: * Debugger PIN: 141-596-668
INFO:root:Requesting HTML...
INFO:root:Finding titles...
INFO:root:Finding thumbnails...
INFO:root:Finding links...
INFO:root:Finding view counts...
INFO:root:Finding videos age...
INFO:root:Storing titles...
INFO:root:Storing thumbnails...
INFO:root:Storing links...
INFO:root:Storing viewcounts...
INFO:root:Storing videos age...
INFO:werkzeug:127.0.0.1 - - [01/Mar/2023 09:15:38] "POST /details HTTP/1.1" 200 -
INFO:werkzeug:127.0.0.1 - - [01/Mar/2023 09:15:39] "[36mGET /static/css/style.css HTTP/1.1[0m" 304 -
INFO:werkzeug: * Detected change in 'C:\\Users\\oo_wa\\OneDrive\\Desktop\\flask_app\\app.py', reloading
INFO:werkzeug: * Restarting with stat
INFO:werkzeug:[31m[1mWARNING: This is a development server. Do not use it in a production deployment. Use a production WSGI server instead.[0m
 * Running on http://127.0.0.1:5000
INFO:werkzeug:[33mPress CTRL+C to quit[0m
INFO:werkzeug: * Restarting with stat
WARNING:werkzeug: * Debugger is active!
INFO:werkzeug: * Debugger PIN: 141-596-668
INFO:root:Requesting HTML...
INFO:root:Finding titles...
INFO:root:Finding thumbnails...
INFO:root:Finding links...
INFO:root:Finding view counts...
INFO:root:Finding videos age...
INFO:root:Storing titles...
INFO:root:Storing thumbnails...
INFO:root:Storing links...
INFO:root:Storing viewcounts...
INFO:root:Storing videos age...
INFO:werkzeug:127.0.0.1 - - [01/Mar/2023 09:17:07] "POST /details HTTP/1.1" 200 -
INFO:werkzeug:127.0.0.1 - - [01/Mar/2023 09:17:07] "[36mGET /static/css/style.css HTTP/1.1[0m" 304 -
INFO:werkzeug: * Detected change in 'C:\\Users\\oo_wa\\OneDrive\\Desktop\\flask_app\\app.py', reloading
INFO:werkzeug: * Restarting with stat
WARNING:werkzeug: * Debugger is active!
INFO:werkzeug: * Debugger PIN: 141-596-668
INFO:werkzeug: * Detected change in 'C:\\Users\\oo_wa\\OneDrive\\Desktop\\flask_app\\app.py', reloading
INFO:werkzeug: * Restarting with stat
WARNING:werkzeug: * Debugger is active!
INFO:werkzeug: * Debugger PIN: 141-596-668
INFO:werkzeug: * Detected change in 'C:\\Users\\oo_wa\\OneDrive\\Desktop\\flask_app\\app.py', reloading
INFO:werkzeug: * Restarting with stat
WARNING:werkzeug: * Debugger is active!
INFO:werkzeug: * Debugger PIN: 141-596-668
INFO:root:Requesting HTML...
INFO:root:Finding titles...
INFO:root:Finding thumbnails...
INFO:root:Finding links...
INFO:root:Finding view counts...
INFO:root:Finding videos age...
INFO:root:Storing titles...
INFO:root:Storing thumbnails...
INFO:root:Storing links...
INFO:root:Storing viewcounts...
INFO:root:Storing videos age...
INFO:werkzeug:127.0.0.1 - - [01/Mar/2023 09:20:31] "POST /details HTTP/1.1" 200 -
INFO:werkzeug:127.0.0.1 - - [01/Mar/2023 09:20:31] "[36mGET /static/css/style.css HTTP/1.1[0m" 304 -
INFO:root:Requesting HTML...
INFO:root:Finding titles...
INFO:root:Finding thumbnails...
INFO:root:Finding links...
INFO:root:Finding view counts...
INFO:root:Finding videos age...
INFO:root:Storing titles...
INFO:root:Storing thumbnails...
INFO:root:Storing links...
INFO:root:Storing viewcounts...
INFO:root:Storing videos age...
INFO:werkzeug:127.0.0.1 - - [01/Mar/2023 09:20:58] "POST /details HTTP/1.1" 200 -
INFO:werkzeug:127.0.0.1 - - [01/Mar/2023 09:20:58] "[36mGET /static/css/style.css HTTP/1.1[0m" 304 -
INFO:root:Requesting HTML...
INFO:root:Finding titles...
INFO:root:Finding thumbnails...
INFO:root:Finding links...
INFO:root:Finding view counts...
INFO:root:Finding videos age...
INFO:root:Storing titles...
INFO:root:Storing thumbnails...
INFO:root:Storing links...
INFO:root:Storing viewcounts...
INFO:root:Storing videos age...
INFO:werkzeug:127.0.0.1 - - [01/Mar/2023 09:21:59] "POST /details HTTP/1.1" 200 -
INFO:werkzeug:127.0.0.1 - - [01/Mar/2023 09:21:59] "[36mGET /static/css/style.css HTTP/1.1[0m" 304 -
INFO:werkzeug:[31m[1mWARNING: This is a development server. Do not use it in a production deployment. Use a production WSGI server instead.[0m
 * Running on http://127.0.0.1:5000
INFO:werkzeug:[33mPress CTRL+C to quit[0m
INFO:werkzeug: * Restarting with stat
WARNING:werkzeug: * Debugger is active!
INFO:werkzeug: * Debugger PIN: 141-596-668
INFO:werkzeug:127.0.0.1 - - [01/Mar/2023 09:23:36] "GET / HTTP/1.1" 200 -
INFO:werkzeug:127.0.0.1 - - [01/Mar/2023 09:23:36] "[36mGET /static/css/main.css HTTP/1.1[0m" 304 -
INFO:root:Requesting HTML...
INFO:root:Finding titles...
INFO:root:Finding thumbnails...
INFO:root:Finding links...
INFO:root:Finding view counts...
INFO:root:Finding videos age...
INFO:root:Storing titles...
INFO:root:Storing thumbnails...
INFO:root:Storing links...
INFO:root:Storing viewcounts...
INFO:root:Storing videos age...
INFO:werkzeug:127.0.0.1 - - [01/Mar/2023 09:23:42] "POST /details HTTP/1.1" 200 -
INFO:werkzeug:127.0.0.1 - - [01/Mar/2023 09:23:42] "[36mGET /static/css/style.css HTTP/1.1[0m" 304 -
INFO:werkzeug:[31m[1mWARNING: This is a development server. Do not use it in a production deployment. Use a production WSGI server instead.[0m
 * Running on http://127.0.0.1:8000
INFO:werkzeug:[33mPress CTRL+C to quit[0m
INFO:werkzeug: * Restarting with stat
WARNING:werkzeug: * Debugger is active!
INFO:werkzeug: * Debugger PIN: 141-596-668
INFO:werkzeug: * Detected change in 'C:\\Users\\oo_wa\\OneDrive\\Desktop\\youtube-scraper2\\app.py', reloading
INFO:werkzeug: * Restarting with stat
WARNING:werkzeug: * Debugger is active!
INFO:werkzeug: * Debugger PIN: 141-596-668
INFO:werkzeug:[31m[1mWARNING: This is a development server. Do not use it in a production deployment. Use a production WSGI server instead.[0m
 * Running on http://127.0.0.1:8000
INFO:werkzeug:[33mPress CTRL+C to quit[0m
INFO:werkzeug: * Restarting with stat
WARNING:werkzeug: * Debugger is active!
INFO:werkzeug: * Debugger PIN: 141-596-668
INFO:werkzeug:127.0.0.1 - - [02/Mar/2023 05:40:03] "GET / HTTP/1.1" 200 -
INFO:root:Requesting HTML...
INFO:root:Finding titles...
INFO:root:Finding thumbnails...
INFO:root:Finding links...
INFO:root:Finding view counts...
INFO:root:Finding videos age...
INFO:root:Storing titles...
INFO:root:Storing thumbnails...
INFO:root:Storing links...
INFO:root:Storing viewcounts...
INFO:root:Storing videos age...
INFO:werkzeug:127.0.0.1 - - [02/Mar/2023 05:40:10] "POST /details HTTP/1.1" 200 -
INFO:werkzeug:127.0.0.1 - - [02/Mar/2023 05:40:10] "GET /static/css/style2.css HTTP/1.1" 200 -
